[INFO] Base URL: https://almacenamiento-api-pf.s4bnsc.easypanel.host
[INFO] Node IDs: 65, 66, 64
[INFO] Sensor IDs: temp=1, hum=2, press=3, lat=4, lng=5
[INFO] Lat/Lng fijas: -26.8241, -65.2226
[INFO] Intervalo: 45s | Ciclos: infinito
[ERROR] ciclo=1: HTTP 429 en POST /measurements: {'error': 'Rate limit exceeded: 30 per 1 minute'}
[OK] ciclo=2 node=65 ts=2026-03-20T02:06:21.802003 temp=23.3925 sid=1
[OK] ciclo=2 node=65 ts=2026-03-20T02:06:21.802003 hum=57.15 sid=2
[OK] ciclo=2 node=65 ts=2026-03-20T02:06:21.802003 press=1012.871 sid=3
[OK] ciclo=2 node=65 ts=2026-03-20T02:06:21.802003 lat=-26.8241 sid=4
[OK] ciclo=2 node=65 ts=2026-03-20T02:06:21.802003 lng=-65.2226 sid=5
[OK] ciclo=2 node=66 ts=2026-03-20T02:06:21.802003 temp=23.3925 sid=1
[OK] ciclo=2 node=66 ts=2026-03-20T02:06:21.802003 hum=57.15 sid=2
[OK] ciclo=2 node=66 ts=2026-03-20T02:06:21.802003 press=1012.871 sid=3
[OK] ciclo=2 node=66 ts=2026-03-20T02:06:21.802003 lat=-26.8241 sid=4
[OK] ciclo=2 node=66 ts=2026-03-20T02:06:21.802003 lng=-65.2226 sid=5
[OK] ciclo=2 node=64 ts=2026-03-20T02:06:21.802003 temp=23.3925 sid=1
[OK] ciclo=2 node=64 ts=2026-03-20T02:06:21.802003 hum=57.15 sid=2
[OK] ciclo=2 node=64 ts=2026-03-20T02:06:21.802003 press=1012.871 sid=3
[OK] ciclo=2 node=64 ts=2026-03-20T02:06:21.802003 lat=-26.8241 sid=4
[OK] ciclo=2 node=64 ts=2026-03-20T02:06:21.802003 lng=-65.2226 sid=5
[OK] ciclo=3 node=65 ts=2026-03-20T02:07:09.323474 temp=24.0825 sid=1
[OK] ciclo=3 node=65 ts=2026-03-20T02:07:09.323474 hum=60.1754 sid=2
[OK] ciclo=3 node=65 ts=2026-03-20T02:07:09.323474 press=1013.8872 sid=3
[OK] ciclo=3 node=65 ts=2026-03-20T02:07:09.323474 lat=-26.8241 sid=4
[OK] ciclo=3 node=65 ts=2026-03-20T02:07:09.323474 lng=-65.2226 sid=5
[OK] ciclo=3 node=66 ts=2026-03-20T02:07:09.323474 temp=24.0825 sid=1
[OK] ciclo=3 node=66 ts=2026-03-20T02:07:09.323474 hum=60.1754 sid=2
[OK] ciclo=3 node=66 ts=2026-03-20T02:07:09.323474 press=1013.8872 sid=3
[OK] ciclo=3 node=66 ts=2026-03-20T02:07:09.323474 lat=-26.8241 sid=4
[OK] ciclo=3 node=66 ts=2026-03-20T02:07:09.323474 lng=-65.2226 sid=5
[OK] ciclo=3 node=64 ts=2026-03-20T02:07:09.323474 temp=24.0825 sid=1
[OK] ciclo=3 node=64 ts=2026-03-20T02:07:09.323474 hum=60.1754 sid=2
[OK] ciclo=3 node=64 ts=2026-03-20T02:07:09.323474 press=1013.8872 sid=3
[OK] ciclo=3 node=64 ts=2026-03-20T02:07:09.323474 lat=-26.8241 sid=4
[OK] ciclo=3 node=64 ts=2026-03-20T02:07:09.323474 lng=-65.2226 sid=5
[OK] ciclo=4 node=65 ts=2026-03-20T02:07:56.861666 temp=24.622 sid=1
[OK] ciclo=4 node=65 ts=2026-03-20T02:07:56.861666 hum=62.1202 sid=2
[OK] ciclo=4 node=65 ts=2026-03-20T02:07:56.861666 press=1014.9888 sid=3
[OK] ciclo=4 node=65 ts=2026-03-20T02:07:56.861666 lat=-26.8241 sid=4
[OK] ciclo=4 node=65 ts=2026-03-20T02:07:56.861666 lng=-65.2226 sid=5
[OK] ciclo=4 node=66 ts=2026-03-20T02:07:56.861666 temp=24.622 sid=1
[OK] ciclo=4 node=66 ts=2026-03-20T02:07:56.861666 hum=62.1202 sid=2
[OK] ciclo=4 node=66 ts=2026-03-20T02:07:56.861666 press=1014.9888 sid=3
[OK] ciclo=4 node=66 ts=2026-03-20T02:07:56.861666 lat=-26.8241 sid=4
[OK] ciclo=4 node=66 ts=2026-03-20T02:07:56.861666 lng=-65.2226 sid=5
[OK] ciclo=4 node=64 ts=2026-03-20T02:07:56.861666 temp=24.622 sid=1
[OK] ciclo=4 node=64 ts=2026-03-20T02:07:56.861666 hum=62.1202 sid=2
[OK] ciclo=4 node=64 ts=2026-03-20T02:07:56.861666 press=1014.9888 sid=3
[OK] ciclo=4 node=64 ts=2026-03-20T02:07:56.861666 lat=-26.8241 sid=4
[OK] ciclo=4 node=64 ts=2026-03-20T02:07:56.861666 lng=-65.2226 sid=5
[OK] ciclo=5 node=65 ts=2026-03-20T02:08:44.930654 temp=24.2026 sid=1
[OK] ciclo=5 node=65 ts=2026-03-20T02:08:44.930654 hum=62.8389 sid=2
[OK] ciclo=5 node=65 ts=2026-03-20T02:08:44.930654 press=1015.1629 sid=3
[OK] ciclo=5 node=65 ts=2026-03-20T02:08:44.930654 lat=-26.8241 sid=4
[OK] ciclo=5 node=65 ts=2026-03-20T02:08:44.930654 lng=-65.2226 sid=5
[OK] ciclo=5 node=66 ts=2026-03-20T02:08:44.930654 temp=24.2026 sid=1
[OK] ciclo=5 node=66 ts=2026-03-20T02:08:44.930654 hum=62.8389 sid=2
[OK] ciclo=5 node=66 ts=2026-03-20T02:08:44.930654 press=1015.1629 sid=3
[OK] ciclo=5 node=66 ts=2026-03-20T02:08:44.930654 lat=-26.8241 sid=4
[OK] ciclo=5 node=66 ts=2026-03-20T02:08:44.930654 lng=-65.2226 sid=5
[OK] ciclo=5 node=64 ts=2026-03-20T02:08:44.930654 temp=24.2026 sid=1
[OK] ciclo=5 node=64 ts=2026-03-20T02:08:44.930654 hum=62.8389 sid=2
[OK] ciclo=5 node=64 ts=2026-03-20T02:08:44.930654 press=1015.1629 sid=3
[OK] ciclo=5 node=64 ts=2026-03-20T02:08:44.930654 lat=-26.8241 sid=4
[OK] ciclo=5 node=64 ts=2026-03-20T02:08:44.930654 lng=-65.2226 sid=5
[OK] ciclo=6 node=65 ts=2026-03-20T02:09:33.638354 temp=23.2439 sid=1
[OK] ciclo=6 node=65 ts=2026-03-20T02:09:33.638354 hum=61.8696 sid=2
[OK] ciclo=6 node=65 ts=2026-03-20T02:09:33.638354 press=1015.5984 sid=3
[OK] ciclo=6 node=65 ts=2026-03-20T02:09:33.638354 lat=-26.8241 sid=4
[OK] ciclo=6 node=65 ts=2026-03-20T02:09:33.638354 lng=-65.2226 sid=5
[OK] ciclo=6 node=66 ts=2026-03-20T02:09:33.638354 temp=23.2439 sid=1
[OK] ciclo=6 node=66 ts=2026-03-20T02:09:33.638354 hum=61.8696 sid=2
[OK] ciclo=6 node=66 ts=2026-03-20T02:09:33.638354 press=1015.5984 sid=3
[OK] ciclo=6 node=66 ts=2026-03-20T02:09:33.638354 lat=-26.8241 sid=4
[OK] ciclo=6 node=66 ts=2026-03-20T02:09:33.638354 lng=-65.2226 sid=5
[OK] ciclo=6 node=64 ts=2026-03-20T02:09:33.638354 temp=23.2439 sid=1
[OK] ciclo=6 node=64 ts=2026-03-20T02:09:33.638354 hum=61.8696 sid=2
[OK] ciclo=6 node=64 ts=2026-03-20T02:09:33.638354 press=1015.5984 sid=3
[OK] ciclo=6 node=64 ts=2026-03-20T02:09:33.638354 lat=-26.8241 sid=4
[OK] ciclo=6 node=64 ts=2026-03-20T02:09:33.638354 lng=-65.2226 sid=5
[OK] ciclo=7 node=65 ts=2026-03-20T02:10:22.309523 temp=22.0393 sid=1
[OK] ciclo=7 node=65 ts=2026-03-20T02:10:22.309523 hum=61.1751 sid=2
[OK] ciclo=7 node=65 ts=2026-03-20T02:10:22.309523 press=1016.3711 sid=3
[OK] ciclo=7 node=65 ts=2026-03-20T02:10:22.309523 lat=-26.8241 sid=4
[OK] ciclo=7 node=65 ts=2026-03-20T02:10:22.309523 lng=-65.2226 sid=5
[OK] ciclo=7 node=66 ts=2026-03-20T02:10:22.309523 temp=22.0393 sid=1
[OK] ciclo=7 node=66 ts=2026-03-20T02:10:22.309523 hum=61.1751 sid=2
[OK] ciclo=7 node=66 ts=2026-03-20T02:10:22.309523 press=1016.3711 sid=3
[OK] ciclo=7 node=66 ts=2026-03-20T02:10:22.309523 lat=-26.8241 sid=4
[OK] ciclo=7 node=66 ts=2026-03-20T02:10:22.309523 lng=-65.2226 sid=5
[OK] ciclo=7 node=64 ts=2026-03-20T02:10:22.309523 temp=22.0393 sid=1
[OK] ciclo=7 node=64 ts=2026-03-20T02:10:22.309523 hum=61.1751 sid=2
[OK] ciclo=7 node=64 ts=2026-03-20T02:10:22.309523 press=1016.3711 sid=3
[OK] ciclo=7 node=64 ts=2026-03-20T02:10:22.309523 lat=-26.8241 sid=4
[OK] ciclo=7 node=64 ts=2026-03-20T02:10:22.309523 lng=-65.2226 sid=5
[OK] ciclo=8 node=65 ts=2026-03-20T02:11:10.807152 temp=20.582 sid=1
[OK] ciclo=8 node=65 ts=2026-03-20T02:11:10.807152 hum=58.3754 sid=2
[OK] ciclo=8 node=65 ts=2026-03-20T02:11:10.807152 press=1015.5288 sid=3
[OK] ciclo=8 node=65 ts=2026-03-20T02:11:10.807152 lat=-26.8241 sid=4
[OK] ciclo=8 node=65 ts=2026-03-20T02:11:10.807152 lng=-65.2226 sid=5
[OK] ciclo=8 node=66 ts=2026-03-20T02:11:10.807152 temp=20.582 sid=1
[OK] ciclo=8 node=66 ts=2026-03-20T02:11:10.807152 hum=58.3754 sid=2
[OK] ciclo=8 node=66 ts=2026-03-20T02:11:10.807152 press=1015.5288 sid=3
[OK] ciclo=8 node=66 ts=2026-03-20T02:11:10.807152 lat=-26.8241 sid=4
[OK] ciclo=8 node=66 ts=2026-03-20T02:11:10.807152 lng=-65.2226 sid=5
[OK] ciclo=8 node=64 ts=2026-03-20T02:11:10.807152 temp=20.582 sid=1
[OK] ciclo=8 node=64 ts=2026-03-20T02:11:10.807152 hum=58.3754 sid=2
[OK] ciclo=8 node=64 ts=2026-03-20T02:11:10.807152 press=1015.5288 sid=3
[OK] ciclo=8 node=64 ts=2026-03-20T02:11:10.807152 lat=-26.8241 sid=4
[OK] ciclo=8 node=64 ts=2026-03-20T02:11:10.807152 lng=-65.2226 sid=5
[OK] ciclo=9 node=65 ts=2026-03-20T02:11:59.275304 temp=19.964 sid=1
[OK] ciclo=9 node=65 ts=2026-03-20T02:11:59.275304 hum=54.9665 sid=2
[OK] ciclo=9 node=65 ts=2026-03-20T02:11:59.275304 press=1015.3158 sid=3
[OK] ciclo=9 node=65 ts=2026-03-20T02:11:59.275304 lat=-26.8241 sid=4
[OK] ciclo=9 node=65 ts=2026-03-20T02:11:59.275304 lng=-65.2226 sid=5
[OK] ciclo=9 node=66 ts=2026-03-20T02:11:59.275304 temp=19.964 sid=1
[OK] ciclo=9 node=66 ts=2026-03-20T02:11:59.275304 hum=54.9665 sid=2
[OK] ciclo=9 node=66 ts=2026-03-20T02:11:59.275304 press=1015.3158 sid=3
[OK] ciclo=9 node=66 ts=2026-03-20T02:11:59.275304 lat=-26.8241 sid=4
[OK] ciclo=9 node=66 ts=2026-03-20T02:11:59.275304 lng=-65.2226 sid=5
[OK] ciclo=9 node=64 ts=2026-03-20T02:11:59.275304 temp=19.964 sid=1
[OK] ciclo=9 node=64 ts=2026-03-20T02:11:59.275304 hum=54.9665 sid=2
[OK] ciclo=9 node=64 ts=2026-03-20T02:11:59.275304 press=1015.3158 sid=3
[OK] ciclo=9 node=64 ts=2026-03-20T02:11:59.275304 lat=-26.8241 sid=4
[OK] ciclo=9 node=64 ts=2026-03-20T02:11:59.275304 lng=-65.2226 sid=5
[OK] ciclo=10 node=65 ts=2026-03-20T02:12:48.009632 temp=19.551 sid=1
[OK] ciclo=10 node=65 ts=2026-03-20T02:12:48.009632 hum=52.121 sid=2
[OK] ciclo=10 node=65 ts=2026-03-20T02:12:48.009632 press=1014.3614 sid=3
[OK] ciclo=10 node=65 ts=2026-03-20T02:12:48.009632 lat=-26.8241 sid=4
[OK] ciclo=10 node=65 ts=2026-03-20T02:12:48.009632 lng=-65.2226 sid=5
[OK] ciclo=10 node=66 ts=2026-03-20T02:12:48.009632 temp=19.551 sid=1
[OK] ciclo=10 node=66 ts=2026-03-20T02:12:48.009632 hum=52.121 sid=2
[OK] ciclo=10 node=66 ts=2026-03-20T02:12:48.009632 press=1014.3614 sid=3
[OK] ciclo=10 node=66 ts=2026-03-20T02:12:48.009632 lat=-26.8241 sid=4
[OK] ciclo=10 node=66 ts=2026-03-20T02:12:48.009632 lng=-65.2226 sid=5
[OK] ciclo=10 node=64 ts=2026-03-20T02:12:48.009632 temp=19.551 sid=1
[OK] ciclo=10 node=64 ts=2026-03-20T02:12:48.009632 hum=52.121 sid=2
[OK] ciclo=10 node=64 ts=2026-03-20T02:12:48.009632 press=1014.3614 sid=3
[OK] ciclo=10 node=64 ts=2026-03-20T02:12:48.009632 lat=-26.8241 sid=4
[OK] ciclo=10 node=64 ts=2026-03-20T02:12:48.009632 lng=-65.2226 sid=5
[OK] ciclo=11 node=65 ts=2026-03-20T02:13:36.286568 temp=20.0755 sid=1
[OK] ciclo=11 node=65 ts=2026-03-20T02:13:36.286568 hum=49.7546 sid=2
[OK] ciclo=11 node=65 ts=2026-03-20T02:13:36.286568 press=1014.1196 sid=3
[OK] ciclo=11 node=65 ts=2026-03-20T02:13:36.286568 lat=-26.8241 sid=4
[OK] ciclo=11 node=65 ts=2026-03-20T02:13:36.286568 lng=-65.2226 sid=5
[OK] ciclo=11 node=66 ts=2026-03-20T02:13:36.286568 temp=20.0755 sid=1
[OK] ciclo=11 node=66 ts=2026-03-20T02:13:36.286568 hum=49.7546 sid=2
[OK] ciclo=11 node=66 ts=2026-03-20T02:13:36.286568 press=1014.1196 sid=3
[OK] ciclo=11 node=66 ts=2026-03-20T02:13:36.286568 lat=-26.8241 sid=4
[OK] ciclo=11 node=66 ts=2026-03-20T02:13:36.286568 lng=-65.2226 sid=5
[OK] ciclo=11 node=64 ts=2026-03-20T02:13:36.286568 temp=20.0755 sid=1
[OK] ciclo=11 node=64 ts=2026-03-20T02:13:36.286568 hum=49.7546 sid=2
[OK] ciclo=11 node=64 ts=2026-03-20T02:13:36.286568 press=1014.1196 sid=3
[OK] ciclo=11 node=64 ts=2026-03-20T02:13:36.286568 lat=-26.8241 sid=4
[OK] ciclo=11 node=64 ts=2026-03-20T02:13:36.286568 lng=-65.2226 sid=5
[OK] ciclo=12 node=65 ts=2026-03-20T02:14:24.820490 temp=20.7534 sid=1
[OK] ciclo=12 node=65 ts=2026-03-20T02:14:24.820490 hum=47.8488 sid=2
[OK] ciclo=12 node=65 ts=2026-03-20T02:14:24.820490 press=1012.875 sid=3
[OK] ciclo=12 node=65 ts=2026-03-20T02:14:24.820490 lat=-26.8241 sid=4
[OK] ciclo=12 node=65 ts=2026-03-20T02:14:24.820490 lng=-65.2226 sid=5
[OK] ciclo=12 node=66 ts=2026-03-20T02:14:24.820490 temp=20.7534 sid=1
[OK] ciclo=12 node=66 ts=2026-03-20T02:14:24.820490 hum=47.8488 sid=2
[OK] ciclo=12 node=66 ts=2026-03-20T02:14:24.820490 press=1012.875 sid=3
[OK] ciclo=12 node=66 ts=2026-03-20T02:14:24.820490 lat=-26.8241 sid=4
[OK] ciclo=12 node=66 ts=2026-03-20T02:14:24.820490 lng=-65.2226 sid=5
[OK] ciclo=12 node=64 ts=2026-03-20T02:14:24.820490 temp=20.7534 sid=1
[OK] ciclo=12 node=64 ts=2026-03-20T02:14:24.820490 hum=47.8488 sid=2
[OK] ciclo=12 node=64 ts=2026-03-20T02:14:24.820490 press=1012.875 sid=3
[OK] ciclo=12 node=64 ts=2026-03-20T02:14:24.820490 lat=-26.8241 sid=4
[OK] ciclo=12 node=64 ts=2026-03-20T02:14:24.820490 lng=-65.2226 sid=5
[OK] ciclo=13 node=65 ts=2026-03-20T02:15:13.604500 temp=22.4006 sid=1
[OK] ciclo=13 node=65 ts=2026-03-20T02:15:13.604500 hum=47.7654 sid=2
[OK] ciclo=13 node=65 ts=2026-03-20T02:15:13.604500 press=1012.0365 sid=3
[OK] ciclo=13 node=65 ts=2026-03-20T02:15:13.604500 lat=-26.8241 sid=4
[OK] ciclo=13 node=65 ts=2026-03-20T02:15:13.604500 lng=-65.2226 sid=5
[OK] ciclo=13 node=66 ts=2026-03-20T02:15:13.604500 temp=22.4006 sid=1
[OK] ciclo=13 node=66 ts=2026-03-20T02:15:13.604500 hum=47.7654 sid=2
[OK] ciclo=13 node=66 ts=2026-03-20T02:15:13.604500 press=1012.0365 sid=3
[OK] ciclo=13 node=66 ts=2026-03-20T02:15:13.604500 lat=-26.8241 sid=4
[OK] ciclo=13 node=66 ts=2026-03-20T02:15:13.604500 lng=-65.2226 sid=5
[OK] ciclo=13 node=64 ts=2026-03-20T02:15:13.604500 temp=22.4006 sid=1
[OK] ciclo=13 node=64 ts=2026-03-20T02:15:13.604500 hum=47.7654 sid=2
[OK] ciclo=13 node=64 ts=2026-03-20T02:15:13.604500 press=1012.0365 sid=3
[OK] ciclo=13 node=64 ts=2026-03-20T02:15:13.604500 lat=-26.8241 sid=4
[OK] ciclo=13 node=64 ts=2026-03-20T02:15:13.604500 lng=-65.2226 sid=5
[OK] ciclo=14 node=65 ts=2026-03-20T02:16:02.400178 temp=23.3336 sid=1
[OK] ciclo=14 node=65 ts=2026-03-20T02:16:02.400178 hum=48.5563 sid=2
[OK] ciclo=14 node=65 ts=2026-03-20T02:16:02.400178 press=1010.464 sid=3
[OK] ciclo=14 node=65 ts=2026-03-20T02:16:02.400178 lat=-26.8241 sid=4
[OK] ciclo=14 node=65 ts=2026-03-20T02:16:02.400178 lng=-65.2226 sid=5
[OK] ciclo=14 node=66 ts=2026-03-20T02:16:02.400178 temp=23.3336 sid=1
[OK] ciclo=14 node=66 ts=2026-03-20T02:16:02.400178 hum=48.5563 sid=2
[OK] ciclo=14 node=66 ts=2026-03-20T02:16:02.400178 press=1010.464 sid=3
[OK] ciclo=14 node=66 ts=2026-03-20T02:16:02.400178 lat=-26.8241 sid=4
[OK] ciclo=14 node=66 ts=2026-03-20T02:16:02.400178 lng=-65.2226 sid=5
[OK] ciclo=14 node=64 ts=2026-03-20T02:16:02.400178 temp=23.3336 sid=1
[OK] ciclo=14 node=64 ts=2026-03-20T02:16:02.400178 hum=48.5563 sid=2
[OK] ciclo=14 node=64 ts=2026-03-20T02:16:02.400178 press=1010.464 sid=3
[OK] ciclo=14 node=64 ts=2026-03-20T02:16:02.400178 lat=-26.8241 sid=4
[OK] ciclo=14 node=64 ts=2026-03-20T02:16:02.400178 lng=-65.2226 sid=5
[OK] ciclo=15 node=65 ts=2026-03-20T02:16:51.156179 temp=24.4164 sid=1
[OK] ciclo=15 node=65 ts=2026-03-20T02:16:51.156179 hum=49.9489 sid=2
[OK] ciclo=15 node=65 ts=2026-03-20T02:16:51.156179 press=1009.7591 sid=3
[OK] ciclo=15 node=65 ts=2026-03-20T02:16:51.156179 lat=-26.8241 sid=4
[OK] ciclo=15 node=65 ts=2026-03-20T02:16:51.156179 lng=-65.2226 sid=5
[OK] ciclo=15 node=66 ts=2026-03-20T02:16:51.156179 temp=24.4164 sid=1
[OK] ciclo=15 node=66 ts=2026-03-20T02:16:51.156179 hum=49.9489 sid=2
[OK] ciclo=15 node=66 ts=2026-03-20T02:16:51.156179 press=1009.7591 sid=3
[OK] ciclo=15 node=66 ts=2026-03-20T02:16:51.156179 lat=-26.8241 sid=4
[OK] ciclo=15 node=66 ts=2026-03-20T02:16:51.156179 lng=-65.2226 sid=5
[OK] ciclo=15 node=64 ts=2026-03-20T02:16:51.156179 temp=24.4164 sid=1
[OK] ciclo=15 node=64 ts=2026-03-20T02:16:51.156179 hum=49.9489 sid=2
[OK] ciclo=15 node=64 ts=2026-03-20T02:16:51.156179 press=1009.7591 sid=3
[OK] ciclo=15 node=64 ts=2026-03-20T02:16:51.156179 lat=-26.8241 sid=4
[OK] ciclo=15 node=64 ts=2026-03-20T02:16:51.156179 lng=-65.2226 sid=5
[OK] ciclo=16 node=65 ts=2026-03-20T02:17:39.833332 temp=24.6107 sid=1
[OK] ciclo=16 node=65 ts=2026-03-20T02:17:39.833332 hum=53.1562 sid=2
[OK] ciclo=16 node=65 ts=2026-03-20T02:17:39.833332 press=1008.6736 sid=3
[OK] ciclo=16 node=65 ts=2026-03-20T02:17:39.833332 lat=-26.8241 sid=4
[OK] ciclo=16 node=65 ts=2026-03-20T02:17:39.833332 lng=-65.2226 sid=5
[OK] ciclo=16 node=66 ts=2026-03-20T02:17:39.833332 temp=24.6107 sid=1
[OK] ciclo=16 node=66 ts=2026-03-20T02:17:39.833332 hum=53.1562 sid=2
[OK] ciclo=16 node=66 ts=2026-03-20T02:17:39.833332 press=1008.6736 sid=3
[OK] ciclo=16 node=66 ts=2026-03-20T02:17:39.833332 lat=-26.8241 sid=4
[OK] ciclo=16 node=66 ts=2026-03-20T02:17:39.833332 lng=-65.2226 sid=5
[OK] ciclo=16 node=64 ts=2026-03-20T02:17:39.833332 temp=24.6107 sid=1
[OK] ciclo=16 node=64 ts=2026-03-20T02:17:39.833332 hum=53.1562 sid=2
[OK] ciclo=16 node=64 ts=2026-03-20T02:17:39.833332 press=1008.6736 sid=3
[OK] ciclo=16 node=64 ts=2026-03-20T02:17:39.833332 lat=-26.8241 sid=4
[OK] ciclo=16 node=64 ts=2026-03-20T02:17:39.833332 lng=-65.2226 sid=5
[OK] ciclo=17 node=65 ts=2026-03-20T02:18:28.486639 temp=24.0404 sid=1
[OK] ciclo=17 node=65 ts=2026-03-20T02:18:28.486639 hum=55.5074 sid=2
[OK] ciclo=17 node=65 ts=2026-03-20T02:18:28.486639 press=1008.6998 sid=3
[OK] ciclo=17 node=65 ts=2026-03-20T02:18:28.486639 lat=-26.8241 sid=4
[OK] ciclo=17 node=65 ts=2026-03-20T02:18:28.486639 lng=-65.2226 sid=5
[OK] ciclo=17 node=66 ts=2026-03-20T02:18:28.486639 temp=24.0404 sid=1
[OK] ciclo=17 node=66 ts=2026-03-20T02:18:28.486639 hum=55.5074 sid=2
[OK] ciclo=17 node=66 ts=2026-03-20T02:18:28.486639 press=1008.6998 sid=3
[OK] ciclo=17 node=66 ts=2026-03-20T02:18:28.486639 lat=-26.8241 sid=4
[OK] ciclo=17 node=66 ts=2026-03-20T02:18:28.486639 lng=-65.2226 sid=5
[OK] ciclo=17 node=64 ts=2026-03-20T02:18:28.486639 temp=24.0404 sid=1
[OK] ciclo=17 node=64 ts=2026-03-20T02:18:28.486639 hum=55.5074 sid=2
[OK] ciclo=17 node=64 ts=2026-03-20T02:18:28.486639 press=1008.6998 sid=3
[OK] ciclo=17 node=64 ts=2026-03-20T02:18:28.486639 lat=-26.8241 sid=4
[OK] ciclo=17 node=64 ts=2026-03-20T02:18:28.486639 lng=-65.2226 sid=5
[OK] ciclo=18 node=65 ts=2026-03-20T02:19:16.153512 temp=22.8244 sid=1
[OK] ciclo=18 node=65 ts=2026-03-20T02:19:16.153512 hum=59.1275 sid=2
[OK] ciclo=18 node=65 ts=2026-03-20T02:19:16.153512 press=1007.7417 sid=3
[OK] ciclo=18 node=65 ts=2026-03-20T02:19:16.153512 lat=-26.8241 sid=4
[OK] ciclo=18 node=65 ts=2026-03-20T02:19:16.153512 lng=-65.2226 sid=5
[OK] ciclo=18 node=66 ts=2026-03-20T02:19:16.153512 temp=22.8244 sid=1
[OK] ciclo=18 node=66 ts=2026-03-20T02:19:16.153512 hum=59.1275 sid=2
[OK] ciclo=18 node=66 ts=2026-03-20T02:19:16.153512 press=1007.7417 sid=3
[OK] ciclo=18 node=66 ts=2026-03-20T02:19:16.153512 lat=-26.8241 sid=4
[OK] ciclo=18 node=66 ts=2026-03-20T02:19:16.153512 lng=-65.2226 sid=5
[OK] ciclo=18 node=64 ts=2026-03-20T02:19:16.153512 temp=22.8244 sid=1
[OK] ciclo=18 node=64 ts=2026-03-20T02:19:16.153512 hum=59.1275 sid=2
[OK] ciclo=18 node=64 ts=2026-03-20T02:19:16.153512 press=1007.7417 sid=3
[OK] ciclo=18 node=64 ts=2026-03-20T02:19:16.153512 lat=-26.8241 sid=4
[OK] ciclo=18 node=64 ts=2026-03-20T02:19:16.153512 lng=-65.2226 sid=5
[OK] ciclo=19 node=65 ts=2026-03-20T02:20:03.779943 temp=21.6743 sid=1
[OK] ciclo=19 node=65 ts=2026-03-20T02:20:03.779943 hum=62.0742 sid=2
[OK] ciclo=19 node=65 ts=2026-03-20T02:20:03.779943 press=1008.4067 sid=3
[OK] ciclo=19 node=65 ts=2026-03-20T02:20:03.779943 lat=-26.8241 sid=4
[OK] ciclo=19 node=65 ts=2026-03-20T02:20:03.779943 lng=-65.2226 sid=5
[OK] ciclo=19 node=66 ts=2026-03-20T02:20:03.779943 temp=21.6743 sid=1
[OK] ciclo=19 node=66 ts=2026-03-20T02:20:03.779943 hum=62.0742 sid=2
[OK] ciclo=19 node=66 ts=2026-03-20T02:20:03.779943 press=1008.4067 sid=3
[OK] ciclo=19 node=66 ts=2026-03-20T02:20:03.779943 lat=-26.8241 sid=4
[OK] ciclo=19 node=66 ts=2026-03-20T02:20:03.779943 lng=-65.2226 sid=5
[OK] ciclo=19 node=64 ts=2026-03-20T02:20:03.779943 temp=21.6743 sid=1
[OK] ciclo=19 node=64 ts=2026-03-20T02:20:03.779943 hum=62.0742 sid=2
[OK] ciclo=19 node=64 ts=2026-03-20T02:20:03.779943 press=1008.4067 sid=3
[OK] ciclo=19 node=64 ts=2026-03-20T02:20:03.779943 lat=-26.8241 sid=4
[OK] ciclo=19 node=64 ts=2026-03-20T02:20:03.779943 lng=-65.2226 sid=5
[OK] ciclo=20 node=65 ts=2026-03-20T02:20:51.315237 temp=20.2142 sid=1
[OK] ciclo=20 node=65 ts=2026-03-20T02:20:51.315237 hum=63.5108 sid=2
[OK] ciclo=20 node=65 ts=2026-03-20T02:20:51.315237 press=1008.3588 sid=3
[OK] ciclo=20 node=65 ts=2026-03-20T02:20:51.315237 lat=-26.8241 sid=4
[OK] ciclo=20 node=65 ts=2026-03-20T02:20:51.315237 lng=-65.2226 sid=5
[OK] ciclo=20 node=66 ts=2026-03-20T02:20:51.315237 temp=20.2142 sid=1
[OK] ciclo=20 node=66 ts=2026-03-20T02:20:51.315237 hum=63.5108 sid=2
[OK] ciclo=20 node=66 ts=2026-03-20T02:20:51.315237 press=1008.3588 sid=3
[OK] ciclo=20 node=66 ts=2026-03-20T02:20:51.315237 lat=-26.8241 sid=4
[OK] ciclo=20 node=66 ts=2026-03-20T02:20:51.315237 lng=-65.2226 sid=5
[OK] ciclo=20 node=64 ts=2026-03-20T02:20:51.315237 temp=20.2142 sid=1
[OK] ciclo=20 node=64 ts=2026-03-20T02:20:51.315237 hum=63.5108 sid=2
[OK] ciclo=20 node=64 ts=2026-03-20T02:20:51.315237 press=1008.3588 sid=3
[OK] ciclo=20 node=64 ts=2026-03-20T02:20:51.315237 lat=-26.8241 sid=4
[OK] ciclo=20 node=64 ts=2026-03-20T02:20:51.315237 lng=-65.2226 sid=5
[OK] ciclo=21 node=65 ts=2026-03-20T02:21:38.824341 temp=19.5598 sid=1
[OK] ciclo=21 node=65 ts=2026-03-20T02:21:38.824341 hum=62.1048 sid=2
[OK] ciclo=21 node=65 ts=2026-03-20T02:21:38.824341 press=1008.5496 sid=3
[OK] ciclo=21 node=65 ts=2026-03-20T02:21:38.824341 lat=-26.8241 sid=4
[OK] ciclo=21 node=65 ts=2026-03-20T02:21:38.824341 lng=-65.2226 sid=5
[OK] ciclo=21 node=66 ts=2026-03-20T02:21:38.824341 temp=19.5598 sid=1
[OK] ciclo=21 node=66 ts=2026-03-20T02:21:38.824341 hum=62.1048 sid=2
[OK] ciclo=21 node=66 ts=2026-03-20T02:21:38.824341 press=1008.5496 sid=3
[OK] ciclo=21 node=66 ts=2026-03-20T02:21:38.824341 lat=-26.8241 sid=4
[OK] ciclo=21 node=66 ts=2026-03-20T02:21:38.824341 lng=-65.2226 sid=5
[OK] ciclo=21 node=64 ts=2026-03-20T02:21:38.824341 temp=19.5598 sid=1
[OK] ciclo=21 node=64 ts=2026-03-20T02:21:38.824341 hum=62.1048 sid=2
[OK] ciclo=21 node=64 ts=2026-03-20T02:21:38.824341 press=1008.5496 sid=3
[OK] ciclo=21 node=64 ts=2026-03-20T02:21:38.824341 lat=-26.8241 sid=4
[OK] ciclo=21 node=64 ts=2026-03-20T02:21:38.824341 lng=-65.2226 sid=5
[OK] ciclo=22 node=65 ts=2026-03-20T02:22:26.396412 temp=19.5982 sid=1
[OK] ciclo=22 node=65 ts=2026-03-20T02:22:26.396412 hum=61.296 sid=2
[OK] ciclo=22 node=65 ts=2026-03-20T02:22:26.396412 press=1009.2436 sid=3
[OK] ciclo=22 node=65 ts=2026-03-20T02:22:26.396412 lat=-26.8241 sid=4
[OK] ciclo=22 node=65 ts=2026-03-20T02:22:26.396412 lng=-65.2226 sid=5
[OK] ciclo=22 node=66 ts=2026-03-20T02:22:26.396412 temp=19.5982 sid=1
[OK] ciclo=22 node=66 ts=2026-03-20T02:22:26.396412 hum=61.296 sid=2
[OK] ciclo=22 node=66 ts=2026-03-20T02:22:26.396412 press=1009.2436 sid=3
[OK] ciclo=22 node=66 ts=2026-03-20T02:22:26.396412 lat=-26.8241 sid=4
[OK] ciclo=22 node=66 ts=2026-03-20T02:22:26.396412 lng=-65.2226 sid=5
[OK] ciclo=22 node=64 ts=2026-03-20T02:22:26.396412 temp=19.5982 sid=1
[OK] ciclo=22 node=64 ts=2026-03-20T02:22:26.396412 hum=61.296 sid=2
[OK] ciclo=22 node=64 ts=2026-03-20T02:22:26.396412 press=1009.2436 sid=3
[OK] ciclo=22 node=64 ts=2026-03-20T02:22:26.396412 lat=-26.8241 sid=4
[OK] ciclo=22 node=64 ts=2026-03-20T02:22:26.396412 lng=-65.2226 sid=5
[OK] ciclo=23 node=65 ts=2026-03-20T02:23:13.894263 temp=20.1052 sid=1
[OK] ciclo=23 node=65 ts=2026-03-20T02:23:13.894263 hum=59.2237 sid=2
[OK] ciclo=23 node=65 ts=2026-03-20T02:23:13.894263 press=1010.0374 sid=3
[OK] ciclo=23 node=65 ts=2026-03-20T02:23:13.894263 lat=-26.8241 sid=4
[OK] ciclo=23 node=65 ts=2026-03-20T02:23:13.894263 lng=-65.2226 sid=5
[OK] ciclo=23 node=66 ts=2026-03-20T02:23:13.894263 temp=20.1052 sid=1
[OK] ciclo=23 node=66 ts=2026-03-20T02:23:13.894263 hum=59.2237 sid=2
[OK] ciclo=23 node=66 ts=2026-03-20T02:23:13.894263 press=1010.0374 sid=3
[OK] ciclo=23 node=66 ts=2026-03-20T02:23:13.894263 lat=-26.8241 sid=4
[OK] ciclo=23 node=66 ts=2026-03-20T02:23:13.894263 lng=-65.2226 sid=5
[OK] ciclo=23 node=64 ts=2026-03-20T02:23:13.894263 temp=20.1052 sid=1
[OK] ciclo=23 node=64 ts=2026-03-20T02:23:13.894263 hum=59.2237 sid=2
[OK] ciclo=23 node=64 ts=2026-03-20T02:23:13.894263 press=1010.0374 sid=3
[OK] ciclo=23 node=64 ts=2026-03-20T02:23:13.894263 lat=-26.8241 sid=4
[OK] ciclo=23 node=64 ts=2026-03-20T02:23:13.894263 lng=-65.2226 sid=5
[OK] ciclo=24 node=65 ts=2026-03-20T02:24:01.403373 temp=21.1326 sid=1
[OK] ciclo=24 node=65 ts=2026-03-20T02:24:01.403373 hum=56.202 sid=2
[OK] ciclo=24 node=65 ts=2026-03-20T02:24:01.403373 press=1011.5564 sid=3
[OK] ciclo=24 node=65 ts=2026-03-20T02:24:01.403373 lat=-26.8241 sid=4
[OK] ciclo=24 node=65 ts=2026-03-20T02:24:01.403373 lng=-65.2226 sid=5
[OK] ciclo=24 node=66 ts=2026-03-20T02:24:01.403373 temp=21.1326 sid=1
[OK] ciclo=24 node=66 ts=2026-03-20T02:24:01.403373 hum=56.202 sid=2
[OK] ciclo=24 node=66 ts=2026-03-20T02:24:01.403373 press=1011.5564 sid=3
[OK] ciclo=24 node=66 ts=2026-03-20T02:24:01.403373 lat=-26.8241 sid=4
[OK] ciclo=24 node=66 ts=2026-03-20T02:24:01.403373 lng=-65.2226 sid=5
[OK] ciclo=24 node=64 ts=2026-03-20T02:24:01.403373 temp=21.1326 sid=1
[OK] ciclo=24 node=64 ts=2026-03-20T02:24:01.403373 hum=56.202 sid=2
[OK] ciclo=24 node=64 ts=2026-03-20T02:24:01.403373 press=1011.5564 sid=3
[OK] ciclo=24 node=64 ts=2026-03-20T02:24:01.403373 lat=-26.8241 sid=4
[OK] ciclo=24 node=64 ts=2026-03-20T02:24:01.403373 lng=-65.2226 sid=5
[OK] ciclo=25 node=65 ts=2026-03-20T02:24:48.921476 temp=22.5941 sid=1
[OK] ciclo=25 node=65 ts=2026-03-20T02:24:48.921476 hum=52.8545 sid=2
[OK] ciclo=25 node=65 ts=2026-03-20T02:24:48.921476 press=1012.3299 sid=3
[OK] ciclo=25 node=65 ts=2026-03-20T02:24:48.921476 lat=-26.8241 sid=4
[OK] ciclo=25 node=65 ts=2026-03-20T02:24:48.921476 lng=-65.2226 sid=5
[OK] ciclo=25 node=66 ts=2026-03-20T02:24:48.921476 temp=22.5941 sid=1
[OK] ciclo=25 node=66 ts=2026-03-20T02:24:48.921476 hum=52.8545 sid=2
[OK] ciclo=25 node=66 ts=2026-03-20T02:24:48.921476 press=1012.3299 sid=3
[OK] ciclo=25 node=66 ts=2026-03-20T02:24:48.921476 lat=-26.8241 sid=4
[OK] ciclo=25 node=66 ts=2026-03-20T02:24:48.921476 lng=-65.2226 sid=5
[OK] ciclo=25 node=64 ts=2026-03-20T02:24:48.921476 temp=22.5941 sid=1
[OK] ciclo=25 node=64 ts=2026-03-20T02:24:48.921476 hum=52.8545 sid=2
[OK] ciclo=25 node=64 ts=2026-03-20T02:24:48.921476 press=1012.3299 sid=3
[OK] ciclo=25 node=64 ts=2026-03-20T02:24:48.921476 lat=-26.8241 sid=4
[OK] ciclo=25 node=64 ts=2026-03-20T02:24:48.921476 lng=-65.2226 sid=5
[OK] ciclo=26 node=65 ts=2026-03-20T02:25:36.461072 temp=23.5109 sid=1
[OK] ciclo=26 node=65 ts=2026-03-20T02:25:36.461072 hum=51.4128 sid=2
[OK] ciclo=26 node=65 ts=2026-03-20T02:25:36.461072 press=1013.8514 sid=3
[OK] ciclo=26 node=65 ts=2026-03-20T02:25:36.461072 lat=-26.8241 sid=4
[OK] ciclo=26 node=65 ts=2026-03-20T02:25:36.461072 lng=-65.2226 sid=5
[OK] ciclo=26 node=66 ts=2026-03-20T02:25:36.461072 temp=23.5109 sid=1
[OK] ciclo=26 node=66 ts=2026-03-20T02:25:36.461072 hum=51.4128 sid=2
[OK] ciclo=26 node=66 ts=2026-03-20T02:25:36.461072 press=1013.8514 sid=3
[OK] ciclo=26 node=66 ts=2026-03-20T02:25:36.461072 lat=-26.8241 sid=4
[OK] ciclo=26 node=66 ts=2026-03-20T02:25:36.461072 lng=-65.2226 sid=5
[OK] ciclo=26 node=64 ts=2026-03-20T02:25:36.461072 temp=23.5109 sid=1
[OK] ciclo=26 node=64 ts=2026-03-20T02:25:36.461072 hum=51.4128 sid=2
[OK] ciclo=26 node=64 ts=2026-03-20T02:25:36.461072 press=1013.8514 sid=3
[OK] ciclo=26 node=64 ts=2026-03-20T02:25:36.461072 lat=-26.8241 sid=4
[OK] ciclo=26 node=64 ts=2026-03-20T02:25:36.461072 lng=-65.2226 sid=5
[OK] ciclo=27 node=65 ts=2026-03-20T02:26:24.006010 temp=24.5267 sid=1
[OK] ciclo=27 node=65 ts=2026-03-20T02:26:24.006010 hum=48.9906 sid=2
[OK] ciclo=27 node=65 ts=2026-03-20T02:26:24.006010 press=1014.3317 sid=3
[OK] ciclo=27 node=65 ts=2026-03-20T02:26:24.006010 lat=-26.8241 sid=4
[OK] ciclo=27 node=65 ts=2026-03-20T02:26:24.006010 lng=-65.2226 sid=5
[OK] ciclo=27 node=66 ts=2026-03-20T02:26:24.006010 temp=24.5267 sid=1
[OK] ciclo=27 node=66 ts=2026-03-20T02:26:24.006010 hum=48.9906 sid=2
[OK] ciclo=27 node=66 ts=2026-03-20T02:26:24.006010 press=1014.3317 sid=3
[OK] ciclo=27 node=66 ts=2026-03-20T02:26:24.006010 lat=-26.8241 sid=4
[OK] ciclo=27 node=66 ts=2026-03-20T02:26:24.006010 lng=-65.2226 sid=5
[OK] ciclo=27 node=64 ts=2026-03-20T02:26:24.006010 temp=24.5267 sid=1
[OK] ciclo=27 node=64 ts=2026-03-20T02:26:24.006010 hum=48.9906 sid=2
[OK] ciclo=27 node=64 ts=2026-03-20T02:26:24.006010 press=1014.3317 sid=3
[OK] ciclo=27 node=64 ts=2026-03-20T02:26:24.006010 lat=-26.8241 sid=4
[OK] ciclo=27 node=64 ts=2026-03-20T02:26:24.006010 lng=-65.2226 sid=5
[OK] ciclo=28 node=65 ts=2026-03-20T02:27:11.511118 temp=24.2413 sid=1
[OK] ciclo=28 node=65 ts=2026-03-20T02:27:11.511118 hum=46.6202 sid=2
[OK] ciclo=28 node=65 ts=2026-03-20T02:27:11.511118 press=1015.2513 sid=3
[OK] ciclo=28 node=65 ts=2026-03-20T02:27:11.511118 lat=-26.8241 sid=4
[OK] ciclo=28 node=65 ts=2026-03-20T02:27:11.511118 lng=-65.2226 sid=5
[OK] ciclo=28 node=66 ts=2026-03-20T02:27:11.511118 temp=24.2413 sid=1
[OK] ciclo=28 node=66 ts=2026-03-20T02:27:11.511118 hum=46.6202 sid=2
[OK] ciclo=28 node=66 ts=2026-03-20T02:27:11.511118 press=1015.2513 sid=3
[OK] ciclo=28 node=66 ts=2026-03-20T02:27:11.511118 lat=-26.8241 sid=4
[OK] ciclo=28 node=66 ts=2026-03-20T02:27:11.511118 lng=-65.2226 sid=5
[OK] ciclo=28 node=64 ts=2026-03-20T02:27:11.511118 temp=24.2413 sid=1
[OK] ciclo=28 node=64 ts=2026-03-20T02:27:11.511118 hum=46.6202 sid=2
[OK] ciclo=28 node=64 ts=2026-03-20T02:27:11.511118 press=1015.2513 sid=3
[OK] ciclo=28 node=64 ts=2026-03-20T02:27:11.511118 lat=-26.8241 sid=4
[OK] ciclo=28 node=64 ts=2026-03-20T02:27:11.511118 lng=-65.2226 sid=5
[OK] ciclo=29 node=65 ts=2026-03-20T02:27:59.072761 temp=23.7392 sid=1
[OK] ciclo=29 node=65 ts=2026-03-20T02:27:59.072761 hum=46.7182 sid=2
[OK] ciclo=29 node=65 ts=2026-03-20T02:27:59.072761 press=1015.7456 sid=3
[OK] ciclo=29 node=65 ts=2026-03-20T02:27:59.072761 lat=-26.8241 sid=4
[OK] ciclo=29 node=65 ts=2026-03-20T02:27:59.072761 lng=-65.2226 sid=5
[OK] ciclo=29 node=66 ts=2026-03-20T02:27:59.072761 temp=23.7392 sid=1
[OK] ciclo=29 node=66 ts=2026-03-20T02:27:59.072761 hum=46.7182 sid=2
[OK] ciclo=29 node=66 ts=2026-03-20T02:27:59.072761 press=1015.7456 sid=3
[OK] ciclo=29 node=66 ts=2026-03-20T02:27:59.072761 lat=-26.8241 sid=4
[OK] ciclo=29 node=66 ts=2026-03-20T02:27:59.072761 lng=-65.2226 sid=5
[OK] ciclo=29 node=64 ts=2026-03-20T02:27:59.072761 temp=23.7392 sid=1
[OK] ciclo=29 node=64 ts=2026-03-20T02:27:59.072761 hum=46.7182 sid=2
[OK] ciclo=29 node=64 ts=2026-03-20T02:27:59.072761 press=1015.7456 sid=3
[OK] ciclo=29 node=64 ts=2026-03-20T02:27:59.072761 lat=-26.8241 sid=4
[OK] ciclo=29 node=64 ts=2026-03-20T02:27:59.072761 lng=-65.2226 sid=5
[OK] ciclo=30 node=65 ts=2026-03-20T02:28:46.597433 temp=22.5994 sid=1
[OK] ciclo=30 node=65 ts=2026-03-20T02:28:46.597433 hum=48.7933 sid=2
[OK] ciclo=30 node=65 ts=2026-03-20T02:28:46.597433 press=1015.6152 sid=3
[OK] ciclo=30 node=65 ts=2026-03-20T02:28:46.597433 lat=-26.8241 sid=4
[OK] ciclo=30 node=65 ts=2026-03-20T02:28:46.597433 lng=-65.2226 sid=5
[OK] ciclo=30 node=66 ts=2026-03-20T02:28:46.597433 temp=22.5994 sid=1
[OK] ciclo=30 node=66 ts=2026-03-20T02:28:46.597433 hum=48.7933 sid=2
[OK] ciclo=30 node=66 ts=2026-03-20T02:28:46.597433 press=1015.6152 sid=3
[OK] ciclo=30 node=66 ts=2026-03-20T02:28:46.597433 lat=-26.8241 sid=4
[OK] ciclo=30 node=66 ts=2026-03-20T02:28:46.597433 lng=-65.2226 sid=5
[OK] ciclo=30 node=64 ts=2026-03-20T02:28:46.597433 temp=22.5994 sid=1
[OK] ciclo=30 node=64 ts=2026-03-20T02:28:46.597433 hum=48.7933 sid=2
[OK] ciclo=30 node=64 ts=2026-03-20T02:28:46.597433 press=1015.6152 sid=3
[OK] ciclo=30 node=64 ts=2026-03-20T02:28:46.597433 lat=-26.8241 sid=4
[OK] ciclo=30 node=64 ts=2026-03-20T02:28:46.597433 lng=-65.2226 sid=5
[OK] ciclo=31 node=65 ts=2026-03-20T02:29:34.136172 temp=21.429 sid=1
[OK] ciclo=31 node=65 ts=2026-03-20T02:29:34.136172 hum=50.585 sid=2
[OK] ciclo=31 node=65 ts=2026-03-20T02:29:34.136172 press=1015.887 sid=3
[OK] ciclo=31 node=65 ts=2026-03-20T02:29:34.136172 lat=-26.8241 sid=4
[OK] ciclo=31 node=65 ts=2026-03-20T02:29:34.136172 lng=-65.2226 sid=5
[OK] ciclo=31 node=66 ts=2026-03-20T02:29:34.136172 temp=21.429 sid=1
[OK] ciclo=31 node=66 ts=2026-03-20T02:29:34.136172 hum=50.585 sid=2
[OK] ciclo=31 node=66 ts=2026-03-20T02:29:34.136172 press=1015.887 sid=3
[OK] ciclo=31 node=66 ts=2026-03-20T02:29:34.136172 lat=-26.8241 sid=4
[OK] ciclo=31 node=66 ts=2026-03-20T02:29:34.136172 lng=-65.2226 sid=5
[OK] ciclo=31 node=64 ts=2026-03-20T02:29:34.136172 temp=21.429 sid=1
[OK] ciclo=31 node=64 ts=2026-03-20T02:29:34.136172 hum=50.585 sid=2
[OK] ciclo=31 node=64 ts=2026-03-20T02:29:34.136172 press=1015.887 sid=3
[OK] ciclo=31 node=64 ts=2026-03-20T02:29:34.136172 lat=-26.8241 sid=4
[OK] ciclo=31 node=64 ts=2026-03-20T02:29:34.136172 lng=-65.2226 sid=5
[OK] ciclo=32 node=65 ts=2026-03-20T02:30:22.718086 temp=20.1192 sid=1
[OK] ciclo=32 node=65 ts=2026-03-20T02:30:22.718086 hum=53.8495 sid=2
[OK] ciclo=32 node=65 ts=2026-03-20T02:30:22.718086 press=1015.5384 sid=3
[OK] ciclo=32 node=65 ts=2026-03-20T02:30:22.718086 lat=-26.8241 sid=4
[OK] ciclo=32 node=65 ts=2026-03-20T02:30:22.718086 lng=-65.2226 sid=5
[OK] ciclo=32 node=66 ts=2026-03-20T02:30:22.718086 temp=20.1192 sid=1
[OK] ciclo=32 node=66 ts=2026-03-20T02:30:22.718086 hum=53.8495 sid=2
[OK] ciclo=32 node=66 ts=2026-03-20T02:30:22.718086 press=1015.5384 sid=3
[OK] ciclo=32 node=66 ts=2026-03-20T02:30:22.718086 lat=-26.8241 sid=4
[OK] ciclo=32 node=66 ts=2026-03-20T02:30:22.718086 lng=-65.2226 sid=5
[OK] ciclo=32 node=64 ts=2026-03-20T02:30:22.718086 temp=20.1192 sid=1
[OK] ciclo=32 node=64 ts=2026-03-20T02:30:22.718086 hum=53.8495 sid=2
[OK] ciclo=32 node=64 ts=2026-03-20T02:30:22.718086 press=1015.5384 sid=3
[OK] ciclo=32 node=64 ts=2026-03-20T02:30:22.718086 lat=-26.8241 sid=4
[OK] ciclo=32 node=64 ts=2026-03-20T02:30:22.718086 lng=-65.2226 sid=5
[OK] ciclo=33 node=65 ts=2026-03-20T02:31:11.273286 temp=19.7698 sid=1
[OK] ciclo=33 node=65 ts=2026-03-20T02:31:11.273286 hum=57.2479 sid=2
[OK] ciclo=33 node=65 ts=2026-03-20T02:31:11.273286 press=1014.9049 sid=3
[OK] ciclo=33 node=65 ts=2026-03-20T02:31:11.273286 lat=-26.8241 sid=4
[OK] ciclo=33 node=65 ts=2026-03-20T02:31:11.273286 lng=-65.2226 sid=5
[OK] ciclo=33 node=66 ts=2026-03-20T02:31:11.273286 temp=19.7698 sid=1
[OK] ciclo=33 node=66 ts=2026-03-20T02:31:11.273286 hum=57.2479 sid=2
[OK] ciclo=33 node=66 ts=2026-03-20T02:31:11.273286 press=1014.9049 sid=3
[OK] ciclo=33 node=66 ts=2026-03-20T02:31:11.273286 lat=-26.8241 sid=4
[OK] ciclo=33 node=66 ts=2026-03-20T02:31:11.273286 lng=-65.2226 sid=5
[OK] ciclo=33 node=64 ts=2026-03-20T02:31:11.273286 temp=19.7698 sid=1
[OK] ciclo=33 node=64 ts=2026-03-20T02:31:11.273286 hum=57.2479 sid=2
[OK] ciclo=33 node=64 ts=2026-03-20T02:31:11.273286 press=1014.9049 sid=3
[OK] ciclo=33 node=64 ts=2026-03-20T02:31:11.273286 lat=-26.8241 sid=4
[OK] ciclo=33 node=64 ts=2026-03-20T02:31:11.273286 lng=-65.2226 sid=5
[OK] ciclo=34 node=65 ts=2026-03-20T02:31:59.866816 temp=19.449 sid=1
[OK] ciclo=34 node=65 ts=2026-03-20T02:31:59.866816 hum=60.4199 sid=2
[OK] ciclo=34 node=65 ts=2026-03-20T02:31:59.866816 press=1014.3605 sid=3
[OK] ciclo=34 node=65 ts=2026-03-20T02:31:59.866816 lat=-26.8241 sid=4
[OK] ciclo=34 node=65 ts=2026-03-20T02:31:59.866816 lng=-65.2226 sid=5
[OK] ciclo=34 node=66 ts=2026-03-20T02:31:59.866816 temp=19.449 sid=1
[OK] ciclo=34 node=66 ts=2026-03-20T02:31:59.866816 hum=60.4199 sid=2
[OK] ciclo=34 node=66 ts=2026-03-20T02:31:59.866816 press=1014.3605 sid=3
[OK] ciclo=34 node=66 ts=2026-03-20T02:31:59.866816 lat=-26.8241 sid=4
[OK] ciclo=34 node=66 ts=2026-03-20T02:31:59.866816 lng=-65.2226 sid=5
[OK] ciclo=34 node=64 ts=2026-03-20T02:31:59.866816 temp=19.449 sid=1
[OK] ciclo=34 node=64 ts=2026-03-20T02:31:59.866816 hum=60.4199 sid=2
[OK] ciclo=34 node=64 ts=2026-03-20T02:31:59.866816 press=1014.3605 sid=3
[OK] ciclo=34 node=64 ts=2026-03-20T02:31:59.866816 lat=-26.8241 sid=4
[OK] ciclo=34 node=64 ts=2026-03-20T02:31:59.866816 lng=-65.2226 sid=5
[OK] ciclo=35 node=65 ts=2026-03-20T02:32:48.457406 temp=20.5004 sid=1
[OK] ciclo=35 node=65 ts=2026-03-20T02:32:48.457406 hum=62.0806 sid=2
[OK] ciclo=35 node=65 ts=2026-03-20T02:32:48.457406 press=1013.1263 sid=3
[OK] ciclo=35 node=65 ts=2026-03-20T02:32:48.457406 lat=-26.8241 sid=4
[OK] ciclo=35 node=65 ts=2026-03-20T02:32:48.457406 lng=-65.2226 sid=5
[OK] ciclo=35 node=66 ts=2026-03-20T02:32:48.457406 temp=20.5004 sid=1
[OK] ciclo=35 node=66 ts=2026-03-20T02:32:48.457406 hum=62.0806 sid=2
[OK] ciclo=35 node=66 ts=2026-03-20T02:32:48.457406 press=1013.1263 sid=3
[OK] ciclo=35 node=66 ts=2026-03-20T02:32:48.457406 lat=-26.8241 sid=4
[OK] ciclo=35 node=66 ts=2026-03-20T02:32:48.457406 lng=-65.2226 sid=5
[OK] ciclo=35 node=64 ts=2026-03-20T02:32:48.457406 temp=20.5004 sid=1
[OK] ciclo=35 node=64 ts=2026-03-20T02:32:48.457406 hum=62.0806 sid=2
[OK] ciclo=35 node=64 ts=2026-03-20T02:32:48.457406 press=1013.1263 sid=3
[OK] ciclo=35 node=64 ts=2026-03-20T02:32:48.457406 lat=-26.8241 sid=4
[OK] ciclo=35 node=64 ts=2026-03-20T02:32:48.457406 lng=-65.2226 sid=5
[OK] ciclo=36 node=65 ts=2026-03-20T02:33:37.142917 temp=21.6828 sid=1
[OK] ciclo=36 node=65 ts=2026-03-20T02:33:37.142917 hum=62.5046 sid=2
[OK] ciclo=36 node=65 ts=2026-03-20T02:33:37.142917 press=1012.6839 sid=3
[OK] ciclo=36 node=65 ts=2026-03-20T02:33:37.142917 lat=-26.8241 sid=4
[OK] ciclo=36 node=65 ts=2026-03-20T02:33:37.142917 lng=-65.2226 sid=5
[OK] ciclo=36 node=66 ts=2026-03-20T02:33:37.142917 temp=21.6828 sid=1
[OK] ciclo=36 node=66 ts=2026-03-20T02:33:37.142917 hum=62.5046 sid=2
[OK] ciclo=36 node=66 ts=2026-03-20T02:33:37.142917 press=1012.6839 sid=3
[OK] ciclo=36 node=66 ts=2026-03-20T02:33:37.142917 lat=-26.8241 sid=4
[OK] ciclo=36 node=66 ts=2026-03-20T02:33:37.142917 lng=-65.2226 sid=5
[OK] ciclo=36 node=64 ts=2026-03-20T02:33:37.142917 temp=21.6828 sid=1
[OK] ciclo=36 node=64 ts=2026-03-20T02:33:37.142917 hum=62.5046 sid=2
[OK] ciclo=36 node=64 ts=2026-03-20T02:33:37.142917 press=1012.6839 sid=3
[OK] ciclo=36 node=64 ts=2026-03-20T02:33:37.142917 lat=-26.8241 sid=4
[OK] ciclo=36 node=64 ts=2026-03-20T02:33:37.142917 lng=-65.2226 sid=5
[OK] ciclo=37 node=65 ts=2026-03-20T02:34:25.933494 temp=22.836 sid=1
[OK] ciclo=37 node=65 ts=2026-03-20T02:34:25.933494 hum=62.9726 sid=2
[OK] ciclo=37 node=65 ts=2026-03-20T02:34:25.933494 press=1011.2118 sid=3
[OK] ciclo=37 node=65 ts=2026-03-20T02:34:25.933494 lat=-26.8241 sid=4
[OK] ciclo=37 node=65 ts=2026-03-20T02:34:25.933494 lng=-65.2226 sid=5
[OK] ciclo=37 node=66 ts=2026-03-20T02:34:25.933494 temp=22.836 sid=1
[OK] ciclo=37 node=66 ts=2026-03-20T02:34:25.933494 hum=62.9726 sid=2
[OK] ciclo=37 node=66 ts=2026-03-20T02:34:25.933494 press=1011.2118 sid=3
[OK] ciclo=37 node=66 ts=2026-03-20T02:34:25.933494 lat=-26.8241 sid=4
[OK] ciclo=37 node=66 ts=2026-03-20T02:34:25.933494 lng=-65.2226 sid=5
[OK] ciclo=37 node=64 ts=2026-03-20T02:34:25.933494 temp=22.836 sid=1
[OK] ciclo=37 node=64 ts=2026-03-20T02:34:25.933494 hum=62.9726 sid=2
[OK] ciclo=37 node=64 ts=2026-03-20T02:34:25.933494 press=1011.2118 sid=3
[OK] ciclo=37 node=64 ts=2026-03-20T02:34:25.933494 lat=-26.8241 sid=4
[OK] ciclo=37 node=64 ts=2026-03-20T02:34:25.933494 lng=-65.2226 sid=5
[OK] ciclo=38 node=65 ts=2026-03-20T02:35:14.672437 temp=24.1809 sid=1
[OK] ciclo=38 node=65 ts=2026-03-20T02:35:14.672437 hum=61.3312 sid=2
[OK] ciclo=38 node=65 ts=2026-03-20T02:35:14.672437 press=1010.2436 sid=3
[OK] ciclo=38 node=65 ts=2026-03-20T02:35:14.672437 lat=-26.8241 sid=4
[OK] ciclo=38 node=65 ts=2026-03-20T02:35:14.672437 lng=-65.2226 sid=5
[OK] ciclo=38 node=66 ts=2026-03-20T02:35:14.672437 temp=24.1809 sid=1
[OK] ciclo=38 node=66 ts=2026-03-20T02:35:14.672437 hum=61.3312 sid=2
[OK] ciclo=38 node=66 ts=2026-03-20T02:35:14.672437 press=1010.2436 sid=3
[OK] ciclo=38 node=66 ts=2026-03-20T02:35:14.672437 lat=-26.8241 sid=4
[OK] ciclo=38 node=66 ts=2026-03-20T02:35:14.672437 lng=-65.2226 sid=5
[OK] ciclo=38 node=64 ts=2026-03-20T02:35:14.672437 temp=24.1809 sid=1
[OK] ciclo=38 node=64 ts=2026-03-20T02:35:14.672437 hum=61.3312 sid=2
[OK] ciclo=38 node=64 ts=2026-03-20T02:35:14.672437 press=1010.2436 sid=3
[OK] ciclo=38 node=64 ts=2026-03-20T02:35:14.672437 lat=-26.8241 sid=4
[OK] ciclo=38 node=64 ts=2026-03-20T02:35:14.672437 lng=-65.2226 sid=5
[OK] ciclo=39 node=65 ts=2026-03-20T02:36:03.372039 temp=24.4413 sid=1
[OK] ciclo=39 node=65 ts=2026-03-20T02:36:03.372039 hum=58.5388 sid=2
[OK] ciclo=39 node=65 ts=2026-03-20T02:36:03.372039 press=1009.5601 sid=3
[OK] ciclo=39 node=65 ts=2026-03-20T02:36:03.372039 lat=-26.8241 sid=4
[OK] ciclo=39 node=65 ts=2026-03-20T02:36:03.372039 lng=-65.2226 sid=5
[OK] ciclo=39 node=66 ts=2026-03-20T02:36:03.372039 temp=24.4413 sid=1
[OK] ciclo=39 node=66 ts=2026-03-20T02:36:03.372039 hum=58.5388 sid=2
[OK] ciclo=39 node=66 ts=2026-03-20T02:36:03.372039 press=1009.5601 sid=3
[OK] ciclo=39 node=66 ts=2026-03-20T02:36:03.372039 lat=-26.8241 sid=4
[OK] ciclo=39 node=66 ts=2026-03-20T02:36:03.372039 lng=-65.2226 sid=5
[OK] ciclo=39 node=64 ts=2026-03-20T02:36:03.372039 temp=24.4413 sid=1
[OK] ciclo=39 node=64 ts=2026-03-20T02:36:03.372039 hum=58.5388 sid=2
[OK] ciclo=39 node=64 ts=2026-03-20T02:36:03.372039 press=1009.5601 sid=3
[OK] ciclo=39 node=64 ts=2026-03-20T02:36:03.372039 lat=-26.8241 sid=4
[OK] ciclo=39 node=64 ts=2026-03-20T02:36:03.372039 lng=-65.2226 sid=5
[OK] ciclo=40 node=65 ts=2026-03-20T02:36:52.082249 temp=24.3684 sid=1
[OK] ciclo=40 node=65 ts=2026-03-20T02:36:52.082249 hum=54.8479 sid=2
[OK] ciclo=40 node=65 ts=2026-03-20T02:36:52.082249 press=1008.4366 sid=3
[OK] ciclo=40 node=65 ts=2026-03-20T02:36:52.082249 lat=-26.8241 sid=4
[OK] ciclo=40 node=65 ts=2026-03-20T02:36:52.082249 lng=-65.2226 sid=5
[OK] ciclo=40 node=66 ts=2026-03-20T02:36:52.082249 temp=24.3684 sid=1
[OK] ciclo=40 node=66 ts=2026-03-20T02:36:52.082249 hum=54.8479 sid=2
[OK] ciclo=40 node=66 ts=2026-03-20T02:36:52.082249 press=1008.4366 sid=3
[OK] ciclo=40 node=66 ts=2026-03-20T02:36:52.082249 lat=-26.8241 sid=4
[OK] ciclo=40 node=66 ts=2026-03-20T02:36:52.082249 lng=-65.2226 sid=5
[OK] ciclo=40 node=64 ts=2026-03-20T02:36:52.082249 temp=24.3684 sid=1
[OK] ciclo=40 node=64 ts=2026-03-20T02:36:52.082249 hum=54.8479 sid=2
[OK] ciclo=40 node=64 ts=2026-03-20T02:36:52.082249 press=1008.4366 sid=3
[OK] ciclo=40 node=64 ts=2026-03-20T02:36:52.082249 lat=-26.8241 sid=4
[OK] ciclo=40 node=64 ts=2026-03-20T02:36:52.082249 lng=-65.2226 sid=5
[OK] ciclo=41 node=65 ts=2026-03-20T02:37:40.877307 temp=23.3033 sid=1
[OK] ciclo=41 node=65 ts=2026-03-20T02:37:40.877307 hum=53.1004 sid=2
[OK] ciclo=41 node=65 ts=2026-03-20T02:37:40.877307 press=1007.8669 sid=3
[OK] ciclo=41 node=65 ts=2026-03-20T02:37:40.877307 lat=-26.8241 sid=4
[OK] ciclo=41 node=65 ts=2026-03-20T02:37:40.877307 lng=-65.2226 sid=5
[OK] ciclo=41 node=66 ts=2026-03-20T02:37:40.877307 temp=23.3033 sid=1
[OK] ciclo=41 node=66 ts=2026-03-20T02:37:40.877307 hum=53.1004 sid=2
[OK] ciclo=41 node=66 ts=2026-03-20T02:37:40.877307 press=1007.8669 sid=3
[OK] ciclo=41 node=66 ts=2026-03-20T02:37:40.877307 lat=-26.8241 sid=4
[OK] ciclo=41 node=66 ts=2026-03-20T02:37:40.877307 lng=-65.2226 sid=5
[OK] ciclo=41 node=64 ts=2026-03-20T02:37:40.877307 temp=23.3033 sid=1
[OK] ciclo=41 node=64 ts=2026-03-20T02:37:40.877307 hum=53.1004 sid=2
[OK] ciclo=41 node=64 ts=2026-03-20T02:37:40.877307 press=1007.8669 sid=3
[OK] ciclo=41 node=64 ts=2026-03-20T02:37:40.877307 lat=-26.8241 sid=4
[OK] ciclo=41 node=64 ts=2026-03-20T02:37:40.877307 lng=-65.2226 sid=5
[OK] ciclo=42 node=65 ts=2026-03-20T02:38:29.634016 temp=22.002 sid=1
[OK] ciclo=42 node=65 ts=2026-03-20T02:38:29.634016 hum=50.2159 sid=2
[OK] ciclo=42 node=65 ts=2026-03-20T02:38:29.634016 press=1007.6627 sid=3
[OK] ciclo=42 node=65 ts=2026-03-20T02:38:29.634016 lat=-26.8241 sid=4
[OK] ciclo=42 node=65 ts=2026-03-20T02:38:29.634016 lng=-65.2226 sid=5
[OK] ciclo=42 node=66 ts=2026-03-20T02:38:29.634016 temp=22.002 sid=1
[OK] ciclo=42 node=66 ts=2026-03-20T02:38:29.634016 hum=50.2159 sid=2
[OK] ciclo=42 node=66 ts=2026-03-20T02:38:29.634016 press=1007.6627 sid=3
[OK] ciclo=42 node=66 ts=2026-03-20T02:38:29.634016 lat=-26.8241 sid=4
[OK] ciclo=42 node=66 ts=2026-03-20T02:38:29.634016 lng=-65.2226 sid=5
[OK] ciclo=42 node=64 ts=2026-03-20T02:38:29.634016 temp=22.002 sid=1
[OK] ciclo=42 node=64 ts=2026-03-20T02:38:29.634016 hum=50.2159 sid=2
[OK] ciclo=42 node=64 ts=2026-03-20T02:38:29.634016 press=1007.6627 sid=3
[OK] ciclo=42 node=64 ts=2026-03-20T02:38:29.634016 lat=-26.8241 sid=4
[OK] ciclo=42 node=64 ts=2026-03-20T02:38:29.634016 lng=-65.2226 sid=5
[OK] ciclo=43 node=65 ts=2026-03-20T02:39:18.400596 temp=21.0246 sid=1
[OK] ciclo=43 node=65 ts=2026-03-20T02:39:18.400596 hum=47.0149 sid=2
[OK] ciclo=43 node=65 ts=2026-03-20T02:39:18.400596 press=1007.8782 sid=3
[OK] ciclo=43 node=65 ts=2026-03-20T02:39:18.400596 lat=-26.8241 sid=4
[OK] ciclo=43 node=65 ts=2026-03-20T02:39:18.400596 lng=-65.2226 sid=5
[OK] ciclo=43 node=66 ts=2026-03-20T02:39:18.400596 temp=21.0246 sid=1
[OK] ciclo=43 node=66 ts=2026-03-20T02:39:18.400596 hum=47.0149 sid=2
[OK] ciclo=43 node=66 ts=2026-03-20T02:39:18.400596 press=1007.8782 sid=3
[OK] ciclo=43 node=66 ts=2026-03-20T02:39:18.400596 lat=-26.8241 sid=4
[OK] ciclo=43 node=66 ts=2026-03-20T02:39:18.400596 lng=-65.2226 sid=5
[OK] ciclo=43 node=64 ts=2026-03-20T02:39:18.400596 temp=21.0246 sid=1
[OK] ciclo=43 node=64 ts=2026-03-20T02:39:18.400596 hum=47.0149 sid=2
[OK] ciclo=43 node=64 ts=2026-03-20T02:39:18.400596 press=1007.8782 sid=3
[OK] ciclo=43 node=64 ts=2026-03-20T02:39:18.400596 lat=-26.8241 sid=4
[OK] ciclo=43 node=64 ts=2026-03-20T02:39:18.400596 lng=-65.2226 sid=5
[OK] ciclo=44 node=65 ts=2026-03-20T02:40:05.925688 temp=19.6897 sid=1
[OK] ciclo=44 node=65 ts=2026-03-20T02:40:05.925688 hum=46.7665 sid=2
[OK] ciclo=44 node=65 ts=2026-03-20T02:40:05.925688 press=1008.3435 sid=3
[OK] ciclo=44 node=65 ts=2026-03-20T02:40:05.925688 lat=-26.8241 sid=4
[OK] ciclo=44 node=65 ts=2026-03-20T02:40:05.925688 lng=-65.2226 sid=5
[OK] ciclo=44 node=66 ts=2026-03-20T02:40:05.925688 temp=19.6897 sid=1
[OK] ciclo=44 node=66 ts=2026-03-20T02:40:05.925688 hum=46.7665 sid=2
[OK] ciclo=44 node=66 ts=2026-03-20T02:40:05.925688 press=1008.3435 sid=3
[OK] ciclo=44 node=66 ts=2026-03-20T02:40:05.925688 lat=-26.8241 sid=4
[OK] ciclo=44 node=66 ts=2026-03-20T02:40:05.925688 lng=-65.2226 sid=5
[OK] ciclo=44 node=64 ts=2026-03-20T02:40:05.925688 temp=19.6897 sid=1
[OK] ciclo=44 node=64 ts=2026-03-20T02:40:05.925688 hum=46.7665 sid=2
[OK] ciclo=44 node=64 ts=2026-03-20T02:40:05.925688 press=1008.3435 sid=3
[OK] ciclo=44 node=64 ts=2026-03-20T02:40:05.925688 lat=-26.8241 sid=4
[OK] ciclo=44 node=64 ts=2026-03-20T02:40:05.925688 lng=-65.2226 sid=5
[OK] ciclo=45 node=65 ts=2026-03-20T02:40:53.482971 temp=19.5638 sid=1
[OK] ciclo=45 node=65 ts=2026-03-20T02:40:53.482971 hum=47.6205 sid=2
[OK] ciclo=45 node=65 ts=2026-03-20T02:40:53.482971 press=1008.8608 sid=3
[OK] ciclo=45 node=65 ts=2026-03-20T02:40:53.482971 lat=-26.8241 sid=4
[OK] ciclo=45 node=65 ts=2026-03-20T02:40:53.482971 lng=-65.2226 sid=5
[OK] ciclo=45 node=66 ts=2026-03-20T02:40:53.482971 temp=19.5638 sid=1
[OK] ciclo=45 node=66 ts=2026-03-20T02:40:53.482971 hum=47.6205 sid=2
[OK] ciclo=45 node=66 ts=2026-03-20T02:40:53.482971 press=1008.8608 sid=3
[OK] ciclo=45 node=66 ts=2026-03-20T02:40:53.482971 lat=-26.8241 sid=4
[OK] ciclo=45 node=66 ts=2026-03-20T02:40:53.482971 lng=-65.2226 sid=5
[OK] ciclo=45 node=64 ts=2026-03-20T02:40:53.482971 temp=19.5638 sid=1
[OK] ciclo=45 node=64 ts=2026-03-20T02:40:53.482971 hum=47.6205 sid=2
[OK] ciclo=45 node=64 ts=2026-03-20T02:40:53.482971 press=1008.8608 sid=3
[OK] ciclo=45 node=64 ts=2026-03-20T02:40:53.482971 lat=-26.8241 sid=4
[OK] ciclo=45 node=64 ts=2026-03-20T02:40:53.482971 lng=-65.2226 sid=5
[OK] ciclo=46 node=65 ts=2026-03-20T02:41:41.026225 temp=19.5509 sid=1
[OK] ciclo=46 node=65 ts=2026-03-20T02:41:41.026225 hum=48.5054 sid=2
[OK] ciclo=46 node=65 ts=2026-03-20T02:41:41.026225 press=1010.1302 sid=3
[OK] ciclo=46 node=65 ts=2026-03-20T02:41:41.026225 lat=-26.8241 sid=4
[OK] ciclo=46 node=65 ts=2026-03-20T02:41:41.026225 lng=-65.2226 sid=5
[OK] ciclo=46 node=66 ts=2026-03-20T02:41:41.026225 temp=19.5509 sid=1
[OK] ciclo=46 node=66 ts=2026-03-20T02:41:41.026225 hum=48.5054 sid=2
[OK] ciclo=46 node=66 ts=2026-03-20T02:41:41.026225 press=1010.1302 sid=3
[OK] ciclo=46 node=66 ts=2026-03-20T02:41:41.026225 lat=-26.8241 sid=4
[OK] ciclo=46 node=66 ts=2026-03-20T02:41:41.026225 lng=-65.2226 sid=5
[OK] ciclo=46 node=64 ts=2026-03-20T02:41:41.026225 temp=19.5509 sid=1
[OK] ciclo=46 node=64 ts=2026-03-20T02:41:41.026225 hum=48.5054 sid=2
[OK] ciclo=46 node=64 ts=2026-03-20T02:41:41.026225 press=1010.1302 sid=3
[OK] ciclo=46 node=64 ts=2026-03-20T02:41:41.026225 lat=-26.8241 sid=4
[OK] ciclo=46 node=64 ts=2026-03-20T02:41:41.026225 lng=-65.2226 sid=5
[OK] ciclo=47 node=65 ts=2026-03-20T02:42:28.612061 temp=20.9186 sid=1
[OK] ciclo=47 node=65 ts=2026-03-20T02:42:28.612061 hum=51.0316 sid=2
[OK] ciclo=47 node=65 ts=2026-03-20T02:42:28.612061 press=1010.8783 sid=3
[OK] ciclo=47 node=65 ts=2026-03-20T02:42:28.612061 lat=-26.8241 sid=4
[OK] ciclo=47 node=65 ts=2026-03-20T02:42:28.612061 lng=-65.2226 sid=5
[OK] ciclo=47 node=66 ts=2026-03-20T02:42:28.612061 temp=20.9186 sid=1
[OK] ciclo=47 node=66 ts=2026-03-20T02:42:28.612061 hum=51.0316 sid=2
[OK] ciclo=47 node=66 ts=2026-03-20T02:42:28.612061 press=1010.8783 sid=3
[OK] ciclo=47 node=66 ts=2026-03-20T02:42:28.612061 lat=-26.8241 sid=4
[OK] ciclo=47 node=66 ts=2026-03-20T02:42:28.612061 lng=-65.2226 sid=5
[OK] ciclo=47 node=64 ts=2026-03-20T02:42:28.612061 temp=20.9186 sid=1
[OK] ciclo=47 node=64 ts=2026-03-20T02:42:28.612061 hum=51.0316 sid=2
[OK] ciclo=47 node=64 ts=2026-03-20T02:42:28.612061 press=1010.8783 sid=3
[OK] ciclo=47 node=64 ts=2026-03-20T02:42:28.612061 lat=-26.8241 sid=4
[OK] ciclo=47 node=64 ts=2026-03-20T02:42:28.612061 lng=-65.2226 sid=5
[OK] ciclo=48 node=65 ts=2026-03-20T02:43:16.110250 temp=21.8732 sid=1
[OK] ciclo=48 node=65 ts=2026-03-20T02:43:16.110250 hum=54.3356 sid=2
[OK] ciclo=48 node=65 ts=2026-03-20T02:43:16.110250 press=1012.0793 sid=3
[OK] ciclo=48 node=65 ts=2026-03-20T02:43:16.110250 lat=-26.8241 sid=4
[OK] ciclo=48 node=65 ts=2026-03-20T02:43:16.110250 lng=-65.2226 sid=5
[OK] ciclo=48 node=66 ts=2026-03-20T02:43:16.110250 temp=21.8732 sid=1
[OK] ciclo=48 node=66 ts=2026-03-20T02:43:16.110250 hum=54.3356 sid=2
[OK] ciclo=48 node=66 ts=2026-03-20T02:43:16.110250 press=1012.0793 sid=3
[OK] ciclo=48 node=66 ts=2026-03-20T02:43:16.110250 lat=-26.8241 sid=4
[OK] ciclo=48 node=66 ts=2026-03-20T02:43:16.110250 lng=-65.2226 sid=5
[OK] ciclo=48 node=64 ts=2026-03-20T02:43:16.110250 temp=21.8732 sid=1
[OK] ciclo=48 node=64 ts=2026-03-20T02:43:16.110250 hum=54.3356 sid=2
[OK] ciclo=48 node=64 ts=2026-03-20T02:43:16.110250 press=1012.0793 sid=3
[OK] ciclo=48 node=64 ts=2026-03-20T02:43:16.110250 lat=-26.8241 sid=4
[OK] ciclo=48 node=64 ts=2026-03-20T02:43:16.110250 lng=-65.2226 sid=5
[OK] ciclo=49 node=65 ts=2026-03-20T02:44:03.633015 temp=23.0406 sid=1
[OK] ciclo=49 node=65 ts=2026-03-20T02:44:03.633015 hum=57.7788 sid=2
[OK] ciclo=49 node=65 ts=2026-03-20T02:44:03.633015 press=1013.0301 sid=3
[OK] ciclo=49 node=65 ts=2026-03-20T02:44:03.633015 lat=-26.8241 sid=4
[OK] ciclo=49 node=65 ts=2026-03-20T02:44:03.633015 lng=-65.2226 sid=5
[OK] ciclo=49 node=66 ts=2026-03-20T02:44:03.633015 temp=23.0406 sid=1
[OK] ciclo=49 node=66 ts=2026-03-20T02:44:03.633015 hum=57.7788 sid=2
[OK] ciclo=49 node=66 ts=2026-03-20T02:44:03.633015 press=1013.0301 sid=3
[OK] ciclo=49 node=66 ts=2026-03-20T02:44:03.633015 lat=-26.8241 sid=4
[OK] ciclo=49 node=66 ts=2026-03-20T02:44:03.633015 lng=-65.2226 sid=5
[OK] ciclo=49 node=64 ts=2026-03-20T02:44:03.633015 temp=23.0406 sid=1
[OK] ciclo=49 node=64 ts=2026-03-20T02:44:03.633015 hum=57.7788 sid=2
[OK] ciclo=49 node=64 ts=2026-03-20T02:44:03.633015 press=1013.0301 sid=3
[OK] ciclo=49 node=64 ts=2026-03-20T02:44:03.633015 lat=-26.8241 sid=4
[OK] ciclo=49 node=64 ts=2026-03-20T02:44:03.633015 lng=-65.2226 sid=5
[OK] ciclo=50 node=65 ts=2026-03-20T02:44:51.228231 temp=24.1341 sid=1
[OK] ciclo=50 node=65 ts=2026-03-20T02:44:51.228231 hum=59.9384 sid=2
[OK] ciclo=50 node=65 ts=2026-03-20T02:44:51.228231 press=1014.3567 sid=3
[OK] ciclo=50 node=65 ts=2026-03-20T02:44:51.228231 lat=-26.8241 sid=4
[OK] ciclo=50 node=65 ts=2026-03-20T02:44:51.228231 lng=-65.2226 sid=5
[OK] ciclo=50 node=66 ts=2026-03-20T02:44:51.228231 temp=24.1341 sid=1
[OK] ciclo=50 node=66 ts=2026-03-20T02:44:51.228231 hum=59.9384 sid=2
[OK] ciclo=50 node=66 ts=2026-03-20T02:44:51.228231 press=1014.3567 sid=3
[OK] ciclo=50 node=66 ts=2026-03-20T02:44:51.228231 lat=-26.8241 sid=4
[OK] ciclo=50 node=66 ts=2026-03-20T02:44:51.228231 lng=-65.2226 sid=5
[OK] ciclo=50 node=64 ts=2026-03-20T02:44:51.228231 temp=24.1341 sid=1
[OK] ciclo=50 node=64 ts=2026-03-20T02:44:51.228231 hum=59.9384 sid=2
[OK] ciclo=50 node=64 ts=2026-03-20T02:44:51.228231 press=1014.3567 sid=3
[OK] ciclo=50 node=64 ts=2026-03-20T02:44:51.228231 lat=-26.8241 sid=4
[OK] ciclo=50 node=64 ts=2026-03-20T02:44:51.228231 lng=-65.2226 sid=5
[OK] ciclo=51 node=65 ts=2026-03-20T02:45:38.757832 temp=24.2881 sid=1
[OK] ciclo=51 node=65 ts=2026-03-20T02:45:38.757832 hum=62.3453 sid=2
[OK] ciclo=51 node=65 ts=2026-03-20T02:45:38.757832 press=1014.5333 sid=3
[OK] ciclo=51 node=65 ts=2026-03-20T02:45:38.757832 lat=-26.8241 sid=4
[OK] ciclo=51 node=65 ts=2026-03-20T02:45:38.757832 lng=-65.2226 sid=5
[OK] ciclo=51 node=66 ts=2026-03-20T02:45:38.757832 temp=24.2881 sid=1
[OK] ciclo=51 node=66 ts=2026-03-20T02:45:38.757832 hum=62.3453 sid=2
[OK] ciclo=51 node=66 ts=2026-03-20T02:45:38.757832 press=1014.5333 sid=3
[OK] ciclo=51 node=66 ts=2026-03-20T02:45:38.757832 lat=-26.8241 sid=4
[OK] ciclo=51 node=66 ts=2026-03-20T02:45:38.757832 lng=-65.2226 sid=5
[OK] ciclo=51 node=64 ts=2026-03-20T02:45:38.757832 temp=24.2881 sid=1
[OK] ciclo=51 node=64 ts=2026-03-20T02:45:38.757832 hum=62.3453 sid=2
[OK] ciclo=51 node=64 ts=2026-03-20T02:45:38.757832 press=1014.5333 sid=3
[OK] ciclo=51 node=64 ts=2026-03-20T02:45:38.757832 lat=-26.8241 sid=4
[OK] ciclo=51 node=64 ts=2026-03-20T02:45:38.757832 lng=-65.2226 sid=5
[OK] ciclo=52 node=65 ts=2026-03-20T02:46:26.322261 temp=24.372 sid=1
[OK] ciclo=52 node=65 ts=2026-03-20T02:46:26.322261 hum=62.4729 sid=2
[OK] ciclo=52 node=65 ts=2026-03-20T02:46:26.322261 press=1015.277 sid=3
[OK] ciclo=52 node=65 ts=2026-03-20T02:46:26.322261 lat=-26.8241 sid=4
[OK] ciclo=52 node=65 ts=2026-03-20T02:46:26.322261 lng=-65.2226 sid=5
[OK] ciclo=52 node=66 ts=2026-03-20T02:46:26.322261 temp=24.372 sid=1
[OK] ciclo=52 node=66 ts=2026-03-20T02:46:26.322261 hum=62.4729 sid=2
[OK] ciclo=52 node=66 ts=2026-03-20T02:46:26.322261 press=1015.277 sid=3
[OK] ciclo=52 node=66 ts=2026-03-20T02:46:26.322261 lat=-26.8241 sid=4
[OK] ciclo=52 node=66 ts=2026-03-20T02:46:26.322261 lng=-65.2226 sid=5
[OK] ciclo=52 node=64 ts=2026-03-20T02:46:26.322261 temp=24.372 sid=1
[OK] ciclo=52 node=64 ts=2026-03-20T02:46:26.322261 hum=62.4729 sid=2
[OK] ciclo=52 node=64 ts=2026-03-20T02:46:26.322261 press=1015.277 sid=3
[OK] ciclo=52 node=64 ts=2026-03-20T02:46:26.322261 lat=-26.8241 sid=4
[OK] ciclo=52 node=64 ts=2026-03-20T02:46:26.322261 lng=-65.2226 sid=5
[OK] ciclo=53 node=65 ts=2026-03-20T02:47:13.926193 temp=23.2932 sid=1
[OK] ciclo=53 node=65 ts=2026-03-20T02:47:13.926193 hum=63.0154 sid=2
[OK] ciclo=53 node=65 ts=2026-03-20T02:47:13.926193 press=1016.1987 sid=3
[OK] ciclo=53 node=65 ts=2026-03-20T02:47:13.926193 lat=-26.8241 sid=4
[OK] ciclo=53 node=65 ts=2026-03-20T02:47:13.926193 lng=-65.2226 sid=5
[OK] ciclo=53 node=66 ts=2026-03-20T02:47:13.926193 temp=23.2932 sid=1
[OK] ciclo=53 node=66 ts=2026-03-20T02:47:13.926193 hum=63.0154 sid=2
[OK] ciclo=53 node=66 ts=2026-03-20T02:47:13.926193 press=1016.1987 sid=3
[OK] ciclo=53 node=66 ts=2026-03-20T02:47:13.926193 lat=-26.8241 sid=4
[OK] ciclo=53 node=66 ts=2026-03-20T02:47:13.926193 lng=-65.2226 sid=5
[OK] ciclo=53 node=64 ts=2026-03-20T02:47:13.926193 temp=23.2932 sid=1
[OK] ciclo=53 node=64 ts=2026-03-20T02:47:13.926193 hum=63.0154 sid=2
[OK] ciclo=53 node=64 ts=2026-03-20T02:47:13.926193 press=1016.1987 sid=3
[OK] ciclo=53 node=64 ts=2026-03-20T02:47:13.926193 lat=-26.8241 sid=4
[OK] ciclo=53 node=64 ts=2026-03-20T02:47:13.926193 lng=-65.2226 sid=5
